
> @coongro/granos-recepciones@1.0.0 build C:\Users\3kito\Desktop\Coongro\app web\plugins\granos-recepciones
> npm run build:css && npm run copy:fontawesome && tsc

npm warn Unknown env config "network-timeout". This will stop working in the next major version of npm.
npm warn Unknown env config "node-linker". This will stop working in the next major version of npm.
npm warn Unknown env config "shamefully-hoist". This will stop working in the next major version of npm.
npm warn Unknown env config "_coongro-registry". This will stop working in the next major version of npm.
npm warn Unknown env config "_-localhost-4873--email". This will stop working in the next major version of npm.
npm warn Unknown env config "_-localhost-4873--username". This will stop working in the next major version of npm.
npm warn config ignoring workspace config at C:\Users\3kito\Desktop\Coongro\app web\plugins\granos-recepciones/.npmrc
npm warn Unknown project config "node-linker". This will stop working in the next major version of npm.
npm warn Unknown project config "shamefully-hoist". This will stop working in the next major version of npm.
npm warn Unknown project config "network-timeout". This will stop working in the next major version of npm.

> @coongro/granos-recepciones@1.0.0 build:css
> tailwindcss -c tailwind.config.cjs -i ./src/styles/tailwind.css -o ./dist/assets/tailwind.css --minify

Browserslist: caniuse-lite is outdated. Please run:
  npx update-browserslist-db@latest
  Why you should do it regularly: https://github.com/browserslist/update-db#readme

Rebuilding...

Done in 1931ms.
npm notice
npm notice New minor version of npm available! 11.8.0 -> 11.12.0
npm notice Changelog: https://github.com/npm/cli/releases/tag/v11.12.0
npm notice To update run: npm install -g npm@11.12.0
npm notice
npm warn Unknown env config "network-timeout". This will stop working in the next major version of npm.
npm warn Unknown env config "node-linker". This will stop working in the next major version of npm.
npm warn Unknown env config "shamefully-hoist". This will stop working in the next major version of npm.
npm warn Unknown env config "_coongro-registry". This will stop working in the next major version of npm.
npm warn Unknown env config "_-localhost-4873--email". This will stop working in the next major version of npm.
npm warn Unknown env config "_-localhost-4873--username". This will stop working in the next major version of npm.
npm warn config ignoring workspace config at C:\Users\3kito\Desktop\Coongro\app web\plugins\granos-recepciones/.npmrc
npm warn Unknown project config "node-linker". This will stop working in the next major version of npm.
npm warn Unknown project config "shamefully-hoist". This will stop working in the next major version of npm.
npm warn Unknown project config "network-timeout". This will stop working in the next major version of npm.

> @coongro/granos-recepciones@1.0.0 copy:fontawesome
> node scripts/copy-fontawesome.cjs

